2014-01-07 11:37:30.614 GifMachine[8115:80b] Multi-tasking -> Device: YES, App: YES
2014-01-07 11:37:30.716 GifMachine[8115:80b] Unlimited access to network resources
2014-01-07 11:37:35.424 GifMachine[8115:80b] Resetting plugins due to page load.
2014-01-07 11:37:37.629 GifMachine[8115:80b] Finished load of: file:///Users/spencer/Library/Application%20Support/iPhone%20Simulator/7.0.3/Applications/E064B4CA-E0FC-4843-A8D6-EB3BBCB27F77/GifMachine.app/www/index.html
2014-01-07 11:54:10.165 GifMachine[8838:80b] Multi-tasking -> Device: YES, App: YES
2014-01-07 11:54:10.237 GifMachine[8838:80b] Unlimited access to network resources
2014-01-07 11:54:10.497 GifMachine[8838:80b] Resetting plugins due to page load.
2014-01-07 11:54:11.476 GifMachine[8838:80b] Finished load of: file:///Users/spencer/Library/Application%20Support/iPhone%20Simulator/7.0.3/Applications/1DC683A8-89BA-4A43-8589-CBC490339D26/GifMachine.app/www/index.html
2014-01-07 12:19:41.261 GifMachine[9380:80b] Multi-tasking -> Device: YES, App: YES
2014-01-07 12:19:41.370 GifMachine[9380:80b] Unlimited access to network resources
2014-01-07 12:19:41.539 GifMachine[9380:80b] Resetting plugins due to page load.
2014-01-07 12:19:42.349 GifMachine[9380:80b] Finished load of: file:///Users/spencer/Library/Application%20Support/iPhone%20Simulator/7.0.3/Applications/1DC683A8-89BA-4A43-8589-CBC490339D26/GifMachine.app/www/index.html
2014-01-07 15:50:17.208 GifMachine[11116:80b] Multi-tasking -> Device: YES, App: YES
2014-01-07 15:50:17.373 GifMachine[11116:80b] Unlimited access to network resources
2014-01-07 15:50:18.361 GifMachine[11116:80b] Resetting plugins due to page load.
2014-01-07 15:50:20.247 GifMachine[11116:80b] Finished load of: file:///Users/spencer/Library/Application%20Support/iPhone%20Simulator/7.0.3/Applications/1DC683A8-89BA-4A43-8589-CBC490339D26/GifMachine.app/www/index.html
2014-01-07 15:54:13.621 GifMachine[11390:80b] Multi-tasking -> Device: YES, App: YES
2014-01-07 15:54:13.769 GifMachine[11390:80b] Unlimited access to network resources
2014-01-07 15:54:13.919 GifMachine[11390:80b] Resetting plugins due to page load.
2014-01-07 15:54:14.612 GifMachine[11390:80b] Finished load of: file:///Users/spencer/Library/Application%20Support/iPhone%20Simulator/7.0.3/Applications/1DC683A8-89BA-4A43-8589-CBC490339D26/GifMachine.app/www/index.html
